2018-10-11 21:33:33,691|INFO|Version: 1.0.0
2018-10-11 21:33:33,691|INFO|Platform: darwin
2018-10-11 21:33:33,691|INFO|Port: 1080
2018-10-11 21:33:33,691|INFO|Timeout: 60
2018-10-11 21:33:33,692|INFO|Enable Pi: False
2018-10-11 21:33:33,692|INFO|Keys: 2
2018-10-11 21:33:33,692|INFO|Debug mode: False
2018-10-11 21:33:44,711|INFO|Jenkins|127.0.0.1|http://127.0.0.1:1080/alarm/on|{'timeout': 30, 'access_key': 'jenkins123'}
2018-10-11 21:33:44,711|INFO|Turn on pin 19
2018-10-11 21:33:44,863|INFO|Browser open https://yahoo.com
2018-10-11 21:34:14,868|INFO|Turn off pin 19
2018-10-11 21:35:20,938|INFO|Jenkins|127.0.0.1|http://127.0.0.1:1080/alarm/off|{'timeout': 30, 'access_key': 'jenkins123'}
2018-10-11 21:35:20,938|INFO|Turn off pin 19
2018-10-11 21:35:39,530|INFO|Jenkins|127.0.0.1|http://127.0.0.1:1080/alarm/off|{'access_key': 'jenkins123'}
2018-10-11 21:35:39,530|INFO|Turn off pin 19
2018-10-11 21:37:30,648|INFO|Version: 1.0.0
2018-10-11 21:37:30,648|INFO|Platform: darwin
2018-10-11 21:37:30,648|INFO|Port: 1080
2018-10-11 21:37:30,648|INFO|Timeout: 60
2018-10-11 21:37:30,648|INFO|Enable Pi: False
2018-10-11 21:37:30,649|INFO|Keys: 2
2018-10-11 21:37:30,649|INFO|Debug mode: False
2018-10-12 09:36:52,702|INFO|PIN =
2018-10-12 09:36:52,703|INFO|PIN = 19
2018-10-12 09:37:33,244|INFO|PIN =
2018-10-12 09:37:33,244|INFO|PIN = 19
2018-10-12 09:38:04,121|INFO|PIN =
2018-10-12 09:38:04,121|INFO|PIN = 19
2018-10-12 09:38:30,202|INFO|PIN ==
2018-10-12 09:38:30,202|INFO|PIN = 19=
2018-10-12 09:40:25,109|INFO|PIN ==
2018-10-12 09:40:25,109|INFO|PIN = 19=
2018-10-12 09:41:51,690|INFO|PIN ==
2018-10-12 09:41:51,690|INFO|PIN =19=
2018-10-12 09:42:29,178|INFO|PIN =18=
2018-10-12 09:42:29,178|INFO|PIN =19=
2018-10-12 14:24:54,665|INFO|Version: 1.0.0
2018-10-12 14:24:54,665|INFO|Platform: darwin
2018-10-12 14:24:54,665|INFO|Port: hello
2018-10-12 14:24:54,665|INFO|Timeout: 60
2018-10-12 14:24:54,666|INFO|Enable Pi: False
2018-10-12 14:24:54,666|INFO|Keys: 2
2018-10-12 14:24:54,666|INFO|Debug mode: False
